\BOOKMARK [0][-]{chapter*.2}{\376\377\000\332\000v\000o\000d}{}% 1
\BOOKMARK [0][-]{chapter.1}{\376\377\000A\000n\000a\000l\000\375\000z\000a\000\040\000p\000r\000o\000b\000l\000\351\000m\000u\000\040\000a\000\040\000j\000e\000h\000o\000\040\001\131\000e\001\141\000e\000n\000\355}{}% 2
\BOOKMARK [1][-]{section.1.1}{\376\377\000P\000o\000p\000i\000s\000\040\000p\000r\000o\000b\000l\000\351\000m\000u}{chapter.1}% 3
\BOOKMARK [1][-]{section.1.2}{\376\377\000S\000o\000u\000a\000s\000n\000\351\000\040\001\131\000e\001\141\000e\000n\000\355}{chapter.1}% 4
\BOOKMARK [1][-]{section.1.3}{\376\377\000A\000n\000a\000l\000\375\000z\000a\000\040\000p\000o\001\176\000a\000d\000a\000v\000k\001\157\000\040\000n\000a\000\040\000u\001\176\000i\000v\000a\000t\000e\000l\000s\000k\000o\000u\000\040\000a\000p\000l\000i\000k\000a\000c\000i}{chapter.1}% 5
\BOOKMARK [2][-]{subsection.1.3.1}{\376\377\000P\000o\000s\000k\000y\000t\000o\000v\000a\000t\000e\000l\000\351\000\040\000m\000a\000p\000o\000v\000\375\000c\000h\000\040\000p\000o\000d\000k\000l\000a\000d\001\157}{section.1.3}% 6
\BOOKMARK [0][-]{chapter.2}{\376\377\000A\000n\000a\000l\000\375\000z\000a\000\040\000z\000d\000r\000o\000j\000e\000\040\000d\000a\000t}{}% 7
\BOOKMARK [1][-]{section.2.1}{\376\377\000P\001\131\000\355\000s\000t\000u\000p\000\040\000k\000\040\000d\000a\000t\001\157\000m}{chapter.2}% 8
\BOOKMARK [2][-]{subsection.2.1.1}{\376\377\000D\000o\000k\000u\000m\000e\000n\000t\000a\000c\000e}{section.2.1}% 9
\BOOKMARK [0][-]{chapter.3}{\376\377\000T\000a\000b\000u\000l\000k\000y\000,\000\040\000o\000b\000r\000\341\000z\000k\000y\000,\000\040\000p\000r\000o\000g\000r\000a\000m\000y}{}% 10
\BOOKMARK [1][-]{section.3.1}{\376\377\000T\000a\000b\000u\000l\000k\000y}{chapter.3}% 11
\BOOKMARK [1][-]{section.3.2}{\376\377\000O\000b\000r\000\341\000z\000k\000y}{chapter.3}% 12
\BOOKMARK [1][-]{section.3.3}{\376\377\000P\000r\000o\000g\000r\000a\000m\000y}{chapter.3}% 13
\BOOKMARK [0][-]{chapter.4}{\376\377\000F\000o\000r\000m\000\341\000t\000\040\000P\000D\000F\000/\000A}{}% 14
\BOOKMARK [0][-]{chapter*.10}{\376\377\000Z\000\341\000v\001\033\000r}{}% 15
\BOOKMARK [0][-]{chapter*.11}{\376\377\000S\000e\000z\000n\000a\000m\000\040\000p\000o\000u\001\176\000i\000t\000\351\000\040\000l\000i\000t\000e\000r\000a\000t\000u\000r\000y}{}% 16
\BOOKMARK [0][-]{chapter*.12}{\376\377\000S\000e\000z\000n\000a\000m\000\040\000o\000b\000r\000\341\000z\000k\001\157}{}% 17
\BOOKMARK [0][-]{chapter*.13}{\376\377\000S\000e\000z\000n\000a\000m\000\040\000t\000a\000b\000u\000l\000e\000k}{}% 18
\BOOKMARK [0][-]{chapter*.14}{\376\377\000S\000e\000z\000n\000a\000m\000\040\000p\000o\000u\001\176\000i\000t\000\375\000c\000h\000\040\000z\000k\000r\000a\000t\000e\000k}{}% 19
\BOOKMARK [0][-]{appendix.A}{\376\377\000P\001\131\000\355\000l\000o\000h\000y}{}% 20
\BOOKMARK [1][-]{section.A.1}{\376\377\000P\000r\000v\000n\000\355\000\040\000p\001\131\000\355\000l\000o\000h\000a}{appendix.A}% 21
