This is pdfTeX, Version 3.14159265-2.6-1.40.20 (TeX Live 2019) (preloaded format=pdflatex 2019.5.8)  7 MAY 2021 17:47
entering extended mode
 restricted \write18 enabled.
 %&-line parsing enabled.
**prace.tex
(./prace.tex
LaTeX2e <2018-12-01>
(/usr/local/texlive/2019/texmf-dist/tex/latex/base/report.cls
Document Class: report 2018/09/03 v1.4i Standard LaTeX document class
(/usr/local/texlive/2019/texmf-dist/tex/latex/base/size12.clo
File: size12.clo 2018/09/03 v1.4i Standard LaTeX file (size option)
)
\c@part=\count80
\c@chapter=\count81
\c@section=\count82
\c@subsection=\count83
\c@subsubsection=\count84
\c@paragraph=\count85
\c@subparagraph=\count86
\c@figure=\count87
\c@table=\count88
\abovecaptionskip=\skip41
\belowcaptionskip=\skip42
\bibindent=\dimen102
)
(/usr/local/texlive/2019/texmf-dist/tex/latex/pdfx/pdfx.sty
Package: pdfx 2019/02/27 v1.6.3 PDF/X and PDF/A support (CVR/HTH/RRM/PS)
\pdfx@minorversion=\count89

(/usr/local/texlive/2019/texmf-dist/tex/generic/iftex/iftex.sty
Package: iftex 2013/04/04 v0.2 Provides if(tex) conditional for PDFTeX, XeTeX, 
and LuaTeX
)
(/usr/local/texlive/2019/texmf-dist/tex/generic/oberdiek/ifpdf.sty
Package: ifpdf 2018/09/07 v3.3 Provides the ifpdf switch
)
(/usr/local/texlive/2019/texmf-dist/tex/generic/ifxetex/ifxetex.sty
Package: ifxetex 2010/09/12 v0.6 Provides ifxetex conditional
)
(/usr/local/texlive/2019/texmf-dist/tex/latex/ms/everyshi.sty
Package: everyshi 2001/05/15 v3.00 EveryShipout Package (MS)
)
(/usr/local/texlive/2019/texmf-dist/tex/generic/oberdiek/ifluatex.sty
Package: ifluatex 2016/05/16 v1.4 Provides the ifluatex switch (HO)
Package ifluatex Info: LuaTeX not detected.
){/usr/local/texlive/2019/texmf-var/fonts/map/pdftex/updmap/pdftex.map}
(/usr/local/texlive/2019/texmf-dist/tex/latex/base/inputenc.sty
Package: inputenc 2018/08/11 v1.3c Input encoding file
\inpenc@prehook=\toks14
\inpenc@posthook=\toks15
)
(/usr/local/texlive/2019/texmf-dist/tex/latex/pdfx/l8u-penc.def
File: l8u-penc.def 2017/06/23 v0.8 Custom LaTeX file, for UTF8 encoded letters 
and symbols
LaTeX Info: Composite with undeclared \b in encoding L8U on input line 278.
)
\pdfxsafeforxmp@toks=\toks16

(/usr/local/texlive/2019/texmf-dist/tex/latex/xcolor/xcolor.sty
Package: xcolor 2016/05/11 v2.12 LaTeX color extensions (UK)

(/usr/local/texlive/2019/texmf-dist/tex/latex/graphics-cfg/color.cfg
File: color.cfg 2016/01/02 v1.6 sample color configuration
)
Package xcolor Info: Driver file: pdftex.def on input line 225.

(/usr/local/texlive/2019/texmf-dist/tex/latex/graphics-def/pdftex.def
File: pdftex.def 2018/01/08 v1.0l Graphics/color driver for pdftex
)
Package xcolor Info: Model `cmy' substituted by `cmy0' on input line 1348.
Package xcolor Info: Model `hsb' substituted by `rgb' on input line 1352.
Package xcolor Info: Model `RGB' extended on input line 1364.
Package xcolor Info: Model `HTML' substituted by `rgb' on input line 1366.
Package xcolor Info: Model `Hsb' substituted by `hsb' on input line 1367.
Package xcolor Info: Model `tHsb' substituted by `hsb' on input line 1368.
Package xcolor Info: Model `HSB' substituted by `hsb' on input line 1369.
Package xcolor Info: Model `Gray' substituted by `gray' on input line 1370.
Package xcolor Info: Model `wave' substituted by `hsb' on input line 1371.
)
\pdfx@tmptoks=\toks17

(/usr/local/texlive/2019/texmf-dist/tex/latex/hyperref/hyperref.sty
Package: hyperref 2018/11/30 v6.88e Hypertext links for LaTeX

(/usr/local/texlive/2019/texmf-dist/tex/generic/oberdiek/hobsub-hyperref.sty
Package: hobsub-hyperref 2016/05/16 v1.14 Bundle oberdiek, subset hyperref (HO)


(/usr/local/texlive/2019/texmf-dist/tex/generic/oberdiek/hobsub-generic.sty
Package: hobsub-generic 2016/05/16 v1.14 Bundle oberdiek, subset generic (HO)
Package: hobsub 2016/05/16 v1.14 Construct package bundles (HO)
Package: infwarerr 2016/05/16 v1.4 Providing info/warning/error messages (HO)
Package: ltxcmds 2016/05/16 v1.23 LaTeX kernel commands for general use (HO)
Package hobsub Info: Skipping package `ifluatex' (already loaded).
Package: ifvtex 2016/05/16 v1.6 Detect VTeX and its facilities (HO)
Package ifvtex Info: VTeX not detected.
Package: intcalc 2016/05/16 v1.2 Expandable calculations with integers (HO)
Package hobsub Info: Skipping package `ifpdf' (already loaded).
Package: etexcmds 2016/05/16 v1.6 Avoid name clashes with e-TeX commands (HO)
Package: kvsetkeys 2016/05/16 v1.17 Key value parser (HO)
Package: kvdefinekeys 2016/05/16 v1.4 Define keys (HO)
Package: pdftexcmds 2018/09/10 v0.29 Utility functions of pdfTeX for LuaTeX (HO
)
Package pdftexcmds Info: LuaTeX not detected.
Package pdftexcmds Info: \pdf@primitive is available.
Package pdftexcmds Info: \pdf@ifprimitive is available.
Package pdftexcmds Info: \pdfdraftmode found.
Package: pdfescape 2016/05/16 v1.14 Implements pdfTeX's escape features (HO)
Package: bigintcalc 2016/05/16 v1.4 Expandable calculations on big integers (HO
)
Package: bitset 2016/05/16 v1.2 Handle bit-vector datatype (HO)
Package: uniquecounter 2016/05/16 v1.3 Provide unlimited unique counter (HO)
)
Package hobsub Info: Skipping package `hobsub' (already loaded).
Package: letltxmacro 2016/05/16 v1.5 Let assignment for LaTeX macros (HO)
Package: hopatch 2016/05/16 v1.3 Wrapper for package hooks (HO)
Package: xcolor-patch 2016/05/16 xcolor patch
Package: atveryend 2016/05/16 v1.9 Hooks at the very end of document (HO)
Package atveryend Info: \enddocument detected (standard20110627).
Package: atbegshi 2016/06/09 v1.18 At begin shipout hook (HO)
Package: refcount 2016/05/16 v3.5 Data extraction from label references (HO)
Package: hycolor 2016/05/16 v1.8 Color options for hyperref/bookmark (HO)
)
(/usr/local/texlive/2019/texmf-dist/tex/latex/graphics/keyval.sty
Package: keyval 2014/10/28 v1.15 key=value parser (DPC)
\KV@toks@=\toks18
)
(/usr/local/texlive/2019/texmf-dist/tex/latex/oberdiek/auxhook.sty
Package: auxhook 2016/05/16 v1.4 Hooks for auxiliary files (HO)
)
(/usr/local/texlive/2019/texmf-dist/tex/latex/oberdiek/kvoptions.sty
Package: kvoptions 2016/05/16 v3.12 Key value format for package options (HO)
)
\@linkdim=\dimen103
\Hy@linkcounter=\count90
\Hy@pagecounter=\count91

(/usr/local/texlive/2019/texmf-dist/tex/latex/hyperref/pd1enc.def
File: pd1enc.def 2018/11/30 v6.88e Hyperref: PDFDocEncoding definition (HO)
)
\Hy@SavedSpaceFactor=\count92

(/usr/local/texlive/2019/texmf-dist/tex/latex/latexconfig/hyperref.cfg
File: hyperref.cfg 2002/06/06 v1.2 hyperref configuration of TeXLive
)
Package hyperref Info: Option `pdfa' set `true' on input line 4393.
Package hyperref Info: Hyper figures OFF on input line 4519.
Package hyperref Info: Link nesting OFF on input line 4524.
Package hyperref Info: Hyper index ON on input line 4527.
Package hyperref Info: Plain pages OFF on input line 4534.
Package hyperref Info: Backreferencing OFF on input line 4539.
Package hyperref Info: Implicit mode ON; LaTeX internals redefined.
Package hyperref Info: Bookmarks ON on input line 4772.
\c@Hy@tempcnt=\count93

(/usr/local/texlive/2019/texmf-dist/tex/latex/url/url.sty
\Urlmuskip=\muskip10
Package: url 2013/09/16  ver 3.4  Verb mode for urls, etc.
)
LaTeX Info: Redefining \url on input line 5125.
\XeTeXLinkMargin=\dimen104
\Fld@menulength=\count94
\Field@Width=\dimen105
\Fld@charsize=\dimen106
Package hyperref Info: Hyper figures OFF on input line 6380.
Package hyperref Info: Link nesting OFF on input line 6385.
Package hyperref Info: Hyper index ON on input line 6388.
Package hyperref Info: backreferencing OFF on input line 6395.
Package hyperref Info: Link coloring OFF on input line 6400.
Package hyperref Info: Link coloring with OCG OFF on input line 6405.
Package hyperref Info: PDF/A mode ON on input line 6408.
LaTeX Info: Redefining \ref on input line 6450.
LaTeX Info: Redefining \pageref on input line 6454.
\Hy@abspage=\count95
\c@Item=\count96
\c@Hfootnote=\count97
)
Package hyperref Info: Driver: hpdftex.

(/usr/local/texlive/2019/texmf-dist/tex/latex/hyperref/hpdftex.def
File: hpdftex.def 2018/11/30 v6.88e Hyperref driver for pdfTeX
\Fld@listcount=\count98
\c@bookmark@seq@number=\count99

(/usr/local/texlive/2019/texmf-dist/tex/latex/oberdiek/rerunfilecheck.sty
Package: rerunfilecheck 2016/05/16 v1.8 Rerun checks for auxiliary files (HO)
Package uniquecounter Info: New unique counter `rerunfilecheck' on input line 2
82.
)
\Hy@SectionHShift=\skip43
)
Package hyperref Info: Option `unicode' set `true' on input line 1463.

(/usr/local/texlive/2019/texmf-dist/tex/latex/hyperref/puenc.def
File: puenc.def 2018/11/30 v6.88e Hyperref: PDF Unicode definition (HO)
)
(/usr/local/texlive/2019/texmf-dist/tex/generic/oberdiek/stringenc.sty
Package: stringenc 2016/05/16 v1.11 Convert strings between diff. encodings (HO
)
)
Package hyperref Info: Option `psdextra' set `true' on input line 1465.

(/usr/local/texlive/2019/texmf-dist/tex/latex/hyperref/psdextra.def
File: psdextra.def 2018/11/30 v6.88e Hyperref: Additions to PDF string support
)
(/usr/local/texlive/2019/texmf-dist/tex/generic/colorprofiles/colorprofiles.sty
Package: colorprofiles 2018/11/01 v1.0.1 color profiles for PDF/X and PDF/A sup
port

(/usr/local/texlive/2019/texmf-dist/tex/generic/colorprofiles/colorprofiles.tex
)) (/usr/local/texlive/2019/texmf-dist/tex/generic/oberdiek/se-pdfdoc.def
File: se-pdfdoc.def 2016/05/16 v1.11 stringenc: PDFDocEncoding
)
(/usr/local/texlive/2019/texmf-dist/tex/latex/pdfx/AdobeColorProfiles.tex)
(/usr/local/texlive/2019/texmf-dist/tex/latex/pdfx/8bit.def
File: 8bit.def 2008/03/30 v1.1d Input encoding file
)
** pdfx: Metadata file prace.xmpdata read successfully.
(./prace.xmpdata)<<sRGB.icc>>
(/usr/local/texlive/2019/texmf-dist/tex/latex/pdfx/8bit.def
File: 8bit.def 2008/03/30 v1.1d Input encoding file
)
(/usr/local/texlive/2019/texmf-dist/tex/latex/pdfx/8bit.def
File: 8bit.def 2008/03/30 v1.1d Input encoding file
)
(/usr/local/texlive/2019/texmf-dist/tex/generic/oberdiek/se-utf8.def
File: se-utf8.def 2016/05/16 v1.11 stringenc: UTF-8
)
(/usr/local/texlive/2019/texmf-dist/tex/latex/pdfx/8bit.def
File: 8bit.def 2008/03/30 v1.1d Input encoding file
)
Package hyperref Info: Option `unicode' set `true' on input line 2411.
Package hyperref Info: Option `unicode' set `true' on input line 2412.

(/usr/local/texlive/2019/texmf-dist/tex/latex/pdfx/8bit.def
File: 8bit.def 2008/03/30 v1.1d Input encoding file
)
(/usr/local/texlive/2019/texmf-dist/tex/generic/pdftex/glyphtounicode.tex)
(/usr/local/texlive/2019/texmf-dist/tex/latex/pdfx/glyphtounicode-cmr.tex)
(/usr/local/texlive/2019/texmf-dist/tex/latex/pdfx/glyphtounicode-ntx.tex)
(/usr/local/texlive/2019/texmf-dist/tex/latex/base/ifthen.sty
Package: ifthen 2014/09/29 v1.1c Standard LaTeX ifthen package (DPC)
)
(/usr/local/texlive/2019/texmf-dist/tex/latex/xmpincl/xmpincl.sty
Package: xmpincl 2008/05/10 v2.2 Include XMP data in pdflatex
)
(/usr/local/texlive/2019/texmf-dist/tex/latex/pdfx/8bit.def
File: 8bit.def 2008/03/30 v1.1d Input encoding file
)
Using XMP template file: pdfa.xmp
\xmpinclWrite=\write3
\xmpinclRead=\read1
\openout3 = `pdfa.xmpi'.

<<pdfa.xmpi>>) (/usr/local/texlive/2019/texmf-dist/tex/generic/babel/babel.sty
Package: babel 2019/05/04 3.31 The Babel package

(/usr/local/texlive/2019/texmf-dist/tex/generic/babel/switch.def
File: switch.def 2019/05/04 3.31 Babel switching mechanism
)
(/usr/local/texlive/2019/texmf-dist/tex/generic/babel-czech/czech.ldf
Language: czech 2008/07/06 v3.1a Czech support from the babel system

(/usr/local/texlive/2019/texmf-dist/tex/generic/babel/babel.def
File: babel.def 2019/05/04 3.31 Babel common definitions
\babel@savecnt=\count100
\U@D=\dimen107

(/usr/local/texlive/2019/texmf-dist/tex/generic/babel/txtbabel.def)
\bbl@dirlevel=\count101
)
Package babel Info: Making " an active character on input line 172.
\cs@wordlen=\count102
Package babel Info: Making - an active character on input line 226.
))
(/usr/local/texlive/2019/texmf-dist/tex/latex/lm/lmodern.sty
Package: lmodern 2009/10/30 v1.6 Latin Modern Fonts
LaTeX Font Info:    Overwriting symbol font `operators' in version `normal'
(Font)                  OT1/cmr/m/n --> OT1/lmr/m/n on input line 22.
LaTeX Font Info:    Overwriting symbol font `letters' in version `normal'
(Font)                  OML/cmm/m/it --> OML/lmm/m/it on input line 23.
LaTeX Font Info:    Overwriting symbol font `symbols' in version `normal'
(Font)                  OMS/cmsy/m/n --> OMS/lmsy/m/n on input line 24.
LaTeX Font Info:    Overwriting symbol font `largesymbols' in version `normal'
(Font)                  OMX/cmex/m/n --> OMX/lmex/m/n on input line 25.
LaTeX Font Info:    Overwriting symbol font `operators' in version `bold'
(Font)                  OT1/cmr/bx/n --> OT1/lmr/bx/n on input line 26.
LaTeX Font Info:    Overwriting symbol font `letters' in version `bold'
(Font)                  OML/cmm/b/it --> OML/lmm/b/it on input line 27.
LaTeX Font Info:    Overwriting symbol font `symbols' in version `bold'
(Font)                  OMS/cmsy/b/n --> OMS/lmsy/b/n on input line 28.
LaTeX Font Info:    Overwriting symbol font `largesymbols' in version `bold'
(Font)                  OMX/cmex/m/n --> OMX/lmex/m/n on input line 29.
LaTeX Font Info:    Overwriting math alphabet `\mathbf' in version `normal'
(Font)                  OT1/cmr/bx/n --> OT1/lmr/bx/n on input line 31.
LaTeX Font Info:    Overwriting math alphabet `\mathsf' in version `normal'
(Font)                  OT1/cmss/m/n --> OT1/lmss/m/n on input line 32.
LaTeX Font Info:    Overwriting math alphabet `\mathit' in version `normal'
(Font)                  OT1/cmr/m/it --> OT1/lmr/m/it on input line 33.
LaTeX Font Info:    Overwriting math alphabet `\mathtt' in version `normal'
(Font)                  OT1/cmtt/m/n --> OT1/lmtt/m/n on input line 34.
LaTeX Font Info:    Overwriting math alphabet `\mathbf' in version `bold'
(Font)                  OT1/cmr/bx/n --> OT1/lmr/bx/n on input line 35.
LaTeX Font Info:    Overwriting math alphabet `\mathsf' in version `bold'
(Font)                  OT1/cmss/bx/n --> OT1/lmss/bx/n on input line 36.
LaTeX Font Info:    Overwriting math alphabet `\mathit' in version `bold'
(Font)                  OT1/cmr/bx/it --> OT1/lmr/bx/it on input line 37.
LaTeX Font Info:    Overwriting math alphabet `\mathtt' in version `bold'
(Font)                  OT1/cmtt/m/n --> OT1/lmtt/m/n on input line 38.
)
(/usr/local/texlive/2019/texmf-dist/tex/latex/base/fontenc.sty
Package: fontenc 2018/08/11 v2.0j Standard LaTeX package

(/usr/local/texlive/2019/texmf-dist/tex/latex/base/t1enc.def
File: t1enc.def 2018/08/11 v2.0j Standard LaTeX file
LaTeX Font Info:    Redeclaring font encoding T1 on input line 48.
))
(/usr/local/texlive/2019/texmf-dist/tex/latex/base/textcomp.sty
Package: textcomp 2018/08/11 v2.0j Standard LaTeX package
Package textcomp Info: Sub-encoding information:
(textcomp)               5 = only ISO-Adobe without \textcurrency
(textcomp)               4 = 5 + \texteuro
(textcomp)               3 = 4 + \textohm
(textcomp)               2 = 3 + \textestimated + \textcurrency
(textcomp)               1 = TS1 - \textcircled - \t
(textcomp)               0 = TS1 (full)
(textcomp)             Font families with sub-encoding setting implement
(textcomp)             only a restricted character set as indicated.
(textcomp)             Family '?' is the default used for unknown fonts.
(textcomp)             See the documentation for details.
Package textcomp Info: Setting ? sub-encoding to TS1/1 on input line 79.

(/usr/local/texlive/2019/texmf-dist/tex/latex/base/ts1enc.def
File: ts1enc.def 2001/06/05 v3.0e (jk/car/fm) Standard LaTeX file
Now handling font encoding TS1 ...
... processing UTF-8 mapping file for font encoding TS1

(/usr/local/texlive/2019/texmf-dist/tex/latex/base/ts1enc.dfu
File: ts1enc.dfu 2018/10/05 v1.2f UTF-8 support for inputenc
   defining Unicode char U+00A2 (decimal 162)
   defining Unicode char U+00A3 (decimal 163)
   defining Unicode char U+00A4 (decimal 164)
   defining Unicode char U+00A5 (decimal 165)
   defining Unicode char U+00A6 (decimal 166)
   defining Unicode char U+00A7 (decimal 167)
   defining Unicode char U+00A8 (decimal 168)
   defining Unicode char U+00A9 (decimal 169)
   defining Unicode char U+00AA (decimal 170)
   defining Unicode char U+00AC (decimal 172)
   defining Unicode char U+00AE (decimal 174)
   defining Unicode char U+00AF (decimal 175)
   defining Unicode char U+00B0 (decimal 176)
   defining Unicode char U+00B1 (decimal 177)
   defining Unicode char U+00B2 (decimal 178)
   defining Unicode char U+00B3 (decimal 179)
   defining Unicode char U+00B4 (decimal 180)
   defining Unicode char U+00B5 (decimal 181)
   defining Unicode char U+00B6 (decimal 182)
   defining Unicode char U+00B7 (decimal 183)
   defining Unicode char U+00B9 (decimal 185)
   defining Unicode char U+00BA (decimal 186)
   defining Unicode char U+00BC (decimal 188)
   defining Unicode char U+00BD (decimal 189)
   defining Unicode char U+00BE (decimal 190)
   defining Unicode char U+00D7 (decimal 215)
   defining Unicode char U+00F7 (decimal 247)
   defining Unicode char U+0192 (decimal 402)
   defining Unicode char U+02C7 (decimal 711)
   defining Unicode char U+02D8 (decimal 728)
   defining Unicode char U+02DD (decimal 733)
   defining Unicode char U+0E3F (decimal 3647)
   defining Unicode char U+2016 (decimal 8214)
   defining Unicode char U+2020 (decimal 8224)
   defining Unicode char U+2021 (decimal 8225)
   defining Unicode char U+2022 (decimal 8226)
   defining Unicode char U+2030 (decimal 8240)
   defining Unicode char U+2031 (decimal 8241)
   defining Unicode char U+203B (decimal 8251)
   defining Unicode char U+203D (decimal 8253)
   defining Unicode char U+2044 (decimal 8260)
   defining Unicode char U+204E (decimal 8270)
   defining Unicode char U+2052 (decimal 8274)
   defining Unicode char U+20A1 (decimal 8353)
   defining Unicode char U+20A4 (decimal 8356)
   defining Unicode char U+20A6 (decimal 8358)
   defining Unicode char U+20A9 (decimal 8361)
   defining Unicode char U+20AB (decimal 8363)
   defining Unicode char U+20AC (decimal 8364)
   defining Unicode char U+20B1 (decimal 8369)
   defining Unicode char U+2103 (decimal 8451)
   defining Unicode char U+2116 (decimal 8470)
   defining Unicode char U+2117 (decimal 8471)
   defining Unicode char U+211E (decimal 8478)
   defining Unicode char U+2120 (decimal 8480)
   defining Unicode char U+2122 (decimal 8482)
   defining Unicode char U+2126 (decimal 8486)
   defining Unicode char U+2127 (decimal 8487)
   defining Unicode char U+212E (decimal 8494)
   defining Unicode char U+2190 (decimal 8592)
   defining Unicode char U+2191 (decimal 8593)
   defining Unicode char U+2192 (decimal 8594)
   defining Unicode char U+2193 (decimal 8595)
   defining Unicode char U+2329 (decimal 9001)
   defining Unicode char U+232A (decimal 9002)
   defining Unicode char U+2422 (decimal 9250)
   defining Unicode char U+25E6 (decimal 9702)
   defining Unicode char U+25EF (decimal 9711)
   defining Unicode char U+266A (decimal 9834)
   defining Unicode char U+FEFF (decimal 65279)
))
LaTeX Info: Redefining \oldstylenums on input line 334.
Package textcomp Info: Setting cmr sub-encoding to TS1/0 on input line 349.
Package textcomp Info: Setting cmss sub-encoding to TS1/0 on input line 350.
Package textcomp Info: Setting cmtt sub-encoding to TS1/0 on input line 351.
Package textcomp Info: Setting cmvtt sub-encoding to TS1/0 on input line 352.
Package textcomp Info: Setting cmbr sub-encoding to TS1/0 on input line 353.
Package textcomp Info: Setting cmtl sub-encoding to TS1/0 on input line 354.
Package textcomp Info: Setting ccr sub-encoding to TS1/0 on input line 355.
Package textcomp Info: Setting ptm sub-encoding to TS1/4 on input line 356.
Package textcomp Info: Setting pcr sub-encoding to TS1/4 on input line 357.
Package textcomp Info: Setting phv sub-encoding to TS1/4 on input line 358.
Package textcomp Info: Setting ppl sub-encoding to TS1/3 on input line 359.
Package textcomp Info: Setting pag sub-encoding to TS1/4 on input line 360.
Package textcomp Info: Setting pbk sub-encoding to TS1/4 on input line 361.
Package textcomp Info: Setting pnc sub-encoding to TS1/4 on input line 362.
Package textcomp Info: Setting pzc sub-encoding to TS1/4 on input line 363.
Package textcomp Info: Setting bch sub-encoding to TS1/4 on input line 364.
Package textcomp Info: Setting put sub-encoding to TS1/5 on input line 365.
Package textcomp Info: Setting uag sub-encoding to TS1/5 on input line 366.
Package textcomp Info: Setting ugq sub-encoding to TS1/5 on input line 367.
Package textcomp Info: Setting ul8 sub-encoding to TS1/4 on input line 368.
Package textcomp Info: Setting ul9 sub-encoding to TS1/4 on input line 369.
Package textcomp Info: Setting augie sub-encoding to TS1/5 on input line 370.
Package textcomp Info: Setting dayrom sub-encoding to TS1/3 on input line 371.
Package textcomp Info: Setting dayroms sub-encoding to TS1/3 on input line 372.

Package textcomp Info: Setting pxr sub-encoding to TS1/0 on input line 373.
Package textcomp Info: Setting pxss sub-encoding to TS1/0 on input line 374.
Package textcomp Info: Setting pxtt sub-encoding to TS1/0 on input line 375.
Package textcomp Info: Setting txr sub-encoding to TS1/0 on input line 376.
Package textcomp Info: Setting txss sub-encoding to TS1/0 on input line 377.
Package textcomp Info: Setting txtt sub-encoding to TS1/0 on input line 378.
Package textcomp Info: Setting lmr sub-encoding to TS1/0 on input line 379.
Package textcomp Info: Setting lmdh sub-encoding to TS1/0 on input line 380.
Package textcomp Info: Setting lmss sub-encoding to TS1/0 on input line 381.
Package textcomp Info: Setting lmssq sub-encoding to TS1/0 on input line 382.
Package textcomp Info: Setting lmvtt sub-encoding to TS1/0 on input line 383.
Package textcomp Info: Setting lmtt sub-encoding to TS1/0 on input line 384.
Package textcomp Info: Setting qhv sub-encoding to TS1/0 on input line 385.
Package textcomp Info: Setting qag sub-encoding to TS1/0 on input line 386.
Package textcomp Info: Setting qbk sub-encoding to TS1/0 on input line 387.
Package textcomp Info: Setting qcr sub-encoding to TS1/0 on input line 388.
Package textcomp Info: Setting qcs sub-encoding to TS1/0 on input line 389.
Package textcomp Info: Setting qpl sub-encoding to TS1/0 on input line 390.
Package textcomp Info: Setting qtm sub-encoding to TS1/0 on input line 391.
Package textcomp Info: Setting qzc sub-encoding to TS1/0 on input line 392.
Package textcomp Info: Setting qhvc sub-encoding to TS1/0 on input line 393.
Package textcomp Info: Setting futs sub-encoding to TS1/4 on input line 394.
Package textcomp Info: Setting futx sub-encoding to TS1/4 on input line 395.
Package textcomp Info: Setting futj sub-encoding to TS1/4 on input line 396.
Package textcomp Info: Setting hlh sub-encoding to TS1/3 on input line 397.
Package textcomp Info: Setting hls sub-encoding to TS1/3 on input line 398.
Package textcomp Info: Setting hlst sub-encoding to TS1/3 on input line 399.
Package textcomp Info: Setting hlct sub-encoding to TS1/5 on input line 400.
Package textcomp Info: Setting hlx sub-encoding to TS1/5 on input line 401.
Package textcomp Info: Setting hlce sub-encoding to TS1/5 on input line 402.
Package textcomp Info: Setting hlcn sub-encoding to TS1/5 on input line 403.
Package textcomp Info: Setting hlcw sub-encoding to TS1/5 on input line 404.
Package textcomp Info: Setting hlcf sub-encoding to TS1/5 on input line 405.
Package textcomp Info: Setting pplx sub-encoding to TS1/3 on input line 406.
Package textcomp Info: Setting pplj sub-encoding to TS1/3 on input line 407.
Package textcomp Info: Setting ptmx sub-encoding to TS1/4 on input line 408.
Package textcomp Info: Setting ptmj sub-encoding to TS1/4 on input line 409.
)
(/usr/local/texlive/2019/texmf-dist/tex/latex/base/inputenc.sty
Package: inputenc 2018/08/11 v1.3c Input encoding file
)
(/usr/local/texlive/2019/texmf-dist/tex/latex/glossaries/base/glossaries.sty
Package: glossaries 2019/01/06 v4.42 (NLCT)

(/usr/local/texlive/2019/texmf-dist/tex/latex/xkeyval/xkeyval.sty
Package: xkeyval 2014/12/03 v2.7a package option processing (HA)

(/usr/local/texlive/2019/texmf-dist/tex/generic/xkeyval/xkeyval.tex
(/usr/local/texlive/2019/texmf-dist/tex/generic/xkeyval/xkvutils.tex
\XKV@toks=\toks19
\XKV@tempa@toks=\toks20
)
\XKV@depth=\count103
File: xkeyval.tex 2014/12/03 v2.7a key=value parser (HA)
))
(/usr/local/texlive/2019/texmf-dist/tex/latex/mfirstuc/mfirstuc.sty
Package: mfirstuc 2017/11/14 v2.06 (NLCT)

(/usr/local/texlive/2019/texmf-dist/tex/latex/etoolbox/etoolbox.sty
Package: etoolbox 2018/08/19 v2.5f e-TeX tools for LaTeX (JAW)
\etb@tempcnta=\count104
)
\@glsmfirst=\toks21
\@glsmrest=\toks22
)
(/usr/local/texlive/2019/texmf-dist/tex/latex/textcase/textcase.sty
Package: textcase 2004/10/07 v0.07 Text only upper/lower case changing (DPC)
)
(/usr/local/texlive/2019/texmf-dist/tex/latex/xfor/xfor.sty
Package: xfor 2009/02/05 v1.05 (NLCT)
)
(/usr/local/texlive/2019/texmf-dist/tex/latex/datatool/datatool-base.sty
Package: datatool-base 2018/12/07 v2.31 (NLCT)

(/usr/local/texlive/2019/texmf-dist/tex/latex/amsmath/amsmath.sty
Package: amsmath 2018/12/01 v2.17b AMS math features
\@mathmargin=\skip44

For additional information on amsmath, use the `?' option.
(/usr/local/texlive/2019/texmf-dist/tex/latex/amsmath/amstext.sty
Package: amstext 2000/06/29 v2.01 AMS text

(/usr/local/texlive/2019/texmf-dist/tex/latex/amsmath/amsgen.sty
File: amsgen.sty 1999/11/30 v2.0 generic functions
\@emptytoks=\toks23
\ex@=\dimen108
))
(/usr/local/texlive/2019/texmf-dist/tex/latex/amsmath/amsbsy.sty
Package: amsbsy 1999/11/29 v1.2d Bold Symbols
\pmbraise@=\dimen109
)
(/usr/local/texlive/2019/texmf-dist/tex/latex/amsmath/amsopn.sty
Package: amsopn 2016/03/08 v2.02 operator names
)
\inf@bad=\count105
LaTeX Info: Redefining \frac on input line 223.
\uproot@=\count106
\leftroot@=\count107
LaTeX Info: Redefining \overline on input line 385.
\classnum@=\count108
\DOTSCASE@=\count109
LaTeX Info: Redefining \ldots on input line 482.
LaTeX Info: Redefining \dots on input line 485.
LaTeX Info: Redefining \cdots on input line 606.
\Mathstrutbox@=\box27
\strutbox@=\box28
\big@size=\dimen110
LaTeX Font Info:    Redeclaring font encoding OML on input line 729.
LaTeX Font Info:    Redeclaring font encoding OMS on input line 730.
\macc@depth=\count110
\c@MaxMatrixCols=\count111
\dotsspace@=\muskip11
\c@parentequation=\count112
\dspbrk@lvl=\count113
\tag@help=\toks24
\row@=\count114
\column@=\count115
\maxfields@=\count116
\andhelp@=\toks25
\eqnshift@=\dimen111
\alignsep@=\dimen112
\tagshift@=\dimen113
\tagwidth@=\dimen114
\totwidth@=\dimen115
\lineht@=\dimen116
\@envbody=\toks26
\multlinegap=\skip45
\multlinetaggap=\skip46
\mathdisplay@stack=\toks27
LaTeX Info: Redefining \[ on input line 2844.
LaTeX Info: Redefining \] on input line 2845.
)
(/usr/local/texlive/2019/texmf-dist/tex/latex/substr/substr.sty
Package: substr 2009/10/20 v1.2 Handle substrings
\c@su@anzahl=\count117
)
(/usr/local/texlive/2019/texmf-dist/tex/latex/datatool/datatool-fp.sty
Package: datatool-fp 2018/12/07 v2.31 (NLCT)

(/usr/local/texlive/2019/texmf-dist/tex/latex/fp/fp.sty
Package: fp 1995/04/02

`Fixed Point Package', Version 0.8, April 2, 1995 (C) Michael Mehlich
(/usr/local/texlive/2019/texmf-dist/tex/latex/fp/defpattern.sty
Package: defpattern 1994/10/12
\actioncount=\count118
)
(/usr/local/texlive/2019/texmf-dist/tex/latex/fp/fp-basic.sty
Package: fp-basic 1996/05/13
\FP@xs=\count119
\FP@xia=\count120
\FP@xib=\count121
\FP@xfa=\count122
\FP@xfb=\count123
\FP@rega=\count124
\FP@regb=\count125
\FP@regs=\count126
\FP@times=\count127
)
(/usr/local/texlive/2019/texmf-dist/tex/latex/fp/fp-addons.sty
Package: fp-addons 1995/03/15
)
(/usr/local/texlive/2019/texmf-dist/tex/latex/fp/fp-snap.sty
Package: fp-snap 1995/04/05
)
(/usr/local/texlive/2019/texmf-dist/tex/latex/fp/fp-exp.sty
Package: fp-exp 1995/04/03
)
(/usr/local/texlive/2019/texmf-dist/tex/latex/fp/fp-trigo.sty
Package: fp-trigo 1995/04/14
)
(/usr/local/texlive/2019/texmf-dist/tex/latex/fp/fp-pas.sty
Package: fp-pas 1994/08/29
)
(/usr/local/texlive/2019/texmf-dist/tex/latex/fp/fp-random.sty
Package: fp-random 1995/02/23
\FPseed=\count128
)
(/usr/local/texlive/2019/texmf-dist/tex/latex/fp/fp-eqn.sty
Package: fp-eqn 1995/04/03
)
(/usr/local/texlive/2019/texmf-dist/tex/latex/fp/fp-upn.sty
Package: fp-upn 1996/10/21
)
(/usr/local/texlive/2019/texmf-dist/tex/latex/fp/fp-eval.sty
Package: fp-eval 1995/04/03
)))
\@dtl@toks=\toks28
\@dtl@tmpcount=\count129
\dtl@tmplength=\skip47
\dtl@sortresult=\count130
\@dtl@numgrpsepcount=\count131
\@dtl@datatype=\count132
\dtl@codeA=\count133
\dtl@codeB=\count134
\@dtl@foreach@level=\count135
)
(/usr/local/texlive/2019/texmf-dist/tex/latex/glossaries/base/glossaries-compat
ible-307.sty
Package: glossaries-compatible-307 2019/01/06 v4.42 (NLCT)
)
(/usr/local/texlive/2019/texmf-dist/tex/latex/tracklang/tracklang.sty
Package: tracklang 2018/05/13 v1.3.6 (NLCT) Track Languages

(/usr/local/texlive/2019/texmf-dist/tex/generic/tracklang/tracklang.tex))
(/usr/local/texlive/2019/texmf-dist/tex/latex/translator/translator.sty
Package: translator 2018/01/04 v1.12 Easy translation of strings in LaTeX
)

Package glossaries Warning: No language module detected for `czech'.
(glossaries)                Language modules need to be installed separately.
(glossaries)                Please check on CTAN for a bundle called
(glossaries)                `glossaries-czech' or similar.

\gls@level=\count136
\@gls@tmpb=\toks29
\gls@tmplen=\skip48
\glskeylisttok=\toks30
\glslabeltok=\toks31
\glsshorttok=\toks32
\glslongtok=\toks33

(/usr/local/texlive/2019/texmf-dist/tex/latex/glossaries/styles/glossary-hypern
av.sty
Package: glossary-hypernav 2019/01/06 v4.42 (NLCT)
)
(/usr/local/texlive/2019/texmf-dist/tex/latex/glossaries/styles/glossary-list.s
ty
Package: glossary-list 2019/01/06 v4.42 (NLCT)
\glslistdottedwidth=\skip49
)
(/usr/local/texlive/2019/texmf-dist/tex/latex/glossaries/styles/glossary-long.s
ty
Package: glossary-long 2019/01/06 v4.42 (NLCT)
 (/usr/local/texlive/2019/texmf-dist/tex/latex/tools/longtable.sty
Package: longtable 2014/10/28 v4.11 Multi-page Table package (DPC)+ FMi change
\LTleft=\skip50
\LTright=\skip51
\LTpre=\skip52
\LTpost=\skip53
\LTchunksize=\count137
\LTcapwidth=\dimen117
\LT@head=\box29
\LT@firsthead=\box30
\LT@foot=\box31
\LT@lastfoot=\box32
\LT@cols=\count138
\LT@rows=\count139
\c@LT@tables=\count140
\c@LT@chunks=\count141
\LT@p@ftn=\toks34
)
\glsdescwidth=\skip54
\glspagelistwidth=\skip55
)
(/usr/local/texlive/2019/texmf-dist/tex/latex/glossaries/styles/glossary-super.
sty
Package: glossary-super 2019/01/06 v4.42 (NLCT)
 (/usr/local/texlive/2019/texmf-dist/tex/latex/supertabular/supertabular.sty
Package: supertabular 2004/02/20 v4.1e the supertabular environment
\c@tracingst=\count142
\ST@wd=\dimen118
\ST@rightskip=\skip56
\ST@leftskip=\skip57
\ST@parfillskip=\skip58
\ST@pageleft=\dimen119
\ST@headht=\dimen120
\ST@tailht=\dimen121
\ST@pagesofar=\dimen122
\ST@pboxht=\dimen123
\ST@lineht=\dimen124
\ST@stretchht=\dimen125
\ST@prevht=\dimen126
\ST@toadd=\dimen127
\ST@dimen=\dimen128
\ST@pbox=\box33
))
(/usr/local/texlive/2019/texmf-dist/tex/latex/glossaries/styles/glossary-tree.s
ty
Package: glossary-tree 2019/01/06 v4.42 (NLCT)
\glstreeindent=\skip59
)) (/usr/local/texlive/2019/texmf-dist/tex/latex/amsfonts/amsfonts.sty
Package: amsfonts 2013/01/14 v3.01 Basic AMSFonts support
\symAMSa=\mathgroup4
\symAMSb=\mathgroup5
LaTeX Font Info:    Overwriting math alphabet `\mathfrak' in version `bold'
(Font)                  U/euf/m/n --> U/euf/b/n on input line 106.
)
(/usr/local/texlive/2019/texmf-dist/tex/latex/amscls/amsthm.sty
Package: amsthm 2017/10/31 v2.20.4
\thm@style=\toks35
\thm@bodyfont=\toks36
\thm@headfont=\toks37
\thm@notefont=\toks38
\thm@headpunct=\toks39
\thm@preskip=\skip60
\thm@postskip=\skip61
\thm@headsep=\skip62
\dth@everypar=\toks40
)
(/usr/local/texlive/2019/texmf-dist/tex/latex/bbding/bbding.sty
Package: bbding 1999/04/15 v1.01 Dingbats symbols
)
(/usr/local/texlive/2019/texmf-dist/tex/latex/tools/bm.sty
Package: bm 2017/01/16 v1.2c Bold Symbol Support (DPC/FMi)
\symboldoperators=\mathgroup6
\symboldletters=\mathgroup7
\symboldsymbols=\mathgroup8
LaTeX Font Info:    Redeclaring math alphabet \mathbf on input line 141.
LaTeX Info: Redefining \bm on input line 207.
)
(/usr/local/texlive/2019/texmf-dist/tex/latex/graphics/graphicx.sty
Package: graphicx 2017/06/01 v1.1a Enhanced LaTeX Graphics (DPC,SPQR)

(/usr/local/texlive/2019/texmf-dist/tex/latex/graphics/graphics.sty
Package: graphics 2017/06/25 v1.2c Standard LaTeX Graphics (DPC,SPQR)

(/usr/local/texlive/2019/texmf-dist/tex/latex/graphics/trig.sty
Package: trig 2016/01/03 v1.10 sin cos tan (DPC)
)
(/usr/local/texlive/2019/texmf-dist/tex/latex/graphics-cfg/graphics.cfg
File: graphics.cfg 2016/06/04 v1.11 sample graphics configuration
)
Package graphics Info: Driver file: pdftex.def on input line 99.
)
\Gin@req@height=\dimen129
\Gin@req@width=\dimen130
)
(/usr/local/texlive/2019/texmf-dist/tex/latex/fancyvrb/fancyvrb.sty
Package: fancyvrb 2019/01/15

Style option: `fancyvrb' v3.2a <2019/01/15> (tvz)
\FV@CodeLineNo=\count143
\FV@InFile=\read2
\FV@TabBox=\box34
\c@FancyVerbLine=\count144
\FV@StepNumber=\count145
\FV@OutFile=\write4
)
(/usr/local/texlive/2019/texmf-dist/tex/latex/tools/indentfirst.sty
Package: indentfirst 1995/11/23 v1.03 Indent first paragraph (DPC)
)
(/usr/local/texlive/2019/texmf-dist/tex/latex/natbib/natbib.sty
Package: natbib 2010/09/13 8.31b (PWD, AO)
\bibhang=\skip63
\bibsep=\skip64
LaTeX Info: Redefining \cite on input line 694.
\c@NAT@ctr=\count146
)
(/usr/local/texlive/2019/texmf-dist/tex/latex/tocbibind/tocbibind.sty
Package: tocbibind 2010/10/13 v1.5k extra ToC listings
Package tocbibind Info: The document has chapter divisions on input line 50.


Package tocbibind Note: Using chapter style headings, unless overridden.

) (/usr/local/texlive/2019/texmf-dist/tex/latex/was/icomma.sty
Package: icomma 2002/03/10 v2.0 (WaS)
)
(/usr/local/texlive/2019/texmf-dist/tex/latex/tools/dcolumn.sty
Package: dcolumn 2014/10/28 v1.06 decimal alignment package (DPC)

(/usr/local/texlive/2019/texmf-dist/tex/latex/tools/array.sty
Package: array 2018/12/30 v2.4k Tabular extension package (FMi)
\col@sep=\dimen131
\ar@mcellbox=\box35
\extrarowheight=\dimen132
\NC@list=\toks41
\extratabsurround=\skip65
\backup@length=\skip66
\ar@cellbox=\box36
))
(/usr/local/texlive/2019/texmf-dist/tex/latex/booktabs/booktabs.sty
Package: booktabs 2016/04/27 v1.618033 publication quality tables
\heavyrulewidth=\dimen133
\lightrulewidth=\dimen134
\cmidrulewidth=\dimen135
\belowrulesep=\dimen136
\belowbottomsep=\dimen137
\aboverulesep=\dimen138
\abovetopsep=\dimen139
\cmidrulesep=\dimen140
\cmidrulekern=\dimen141
\defaultaddspace=\dimen142
\@cmidla=\count147
\@cmidlb=\count148
\@aboverulesep=\dimen143
\@belowrulesep=\dimen144
\@thisruleclass=\count149
\@lastruleclass=\count150
\@thisrulewidth=\dimen145
)
(/usr/local/texlive/2019/texmf-dist/tex/latex/paralist/paralist.sty
Package: paralist 2017/01/22 v2.7 Extended list environments
\pltopsep=\skip67
\plpartopsep=\skip68
\plitemsep=\skip69
\plparsep=\skip70
\pl@lab=\toks42
)
Package hyperref Info: Option `unicode' set `true' on input line 262.
Package hyperref Info: Option `breaklinks' set `true' on input line 263.

\@input{makra.aux}
\openout2 = `makra.aux'.

(./makra.tex
\c@veta=\count151
\c@definice=\count152
) (./prace.aux (./titulka.aux) (./uvod.aux) (./kap01.aux)
(./kap01,5.aux) (./kap02.aux) (./kap03.aux) (./kap04.aux) (./zaver.aux)
(./literatura.aux))
\openout1 = `prace.aux'.

LaTeX Font Info:    Checking defaults for OML/cmm/m/it on input line 269.
LaTeX Font Info:    ... okay on input line 269.
LaTeX Font Info:    Checking defaults for T1/cmr/m/n on input line 269.
LaTeX Font Info:    ... okay on input line 269.
LaTeX Font Info:    Checking defaults for OT1/cmr/m/n on input line 269.
LaTeX Font Info:    ... okay on input line 269.
LaTeX Font Info:    Checking defaults for OMS/cmsy/m/n on input line 269.
LaTeX Font Info:    ... okay on input line 269.
LaTeX Font Info:    Checking defaults for OMX/cmex/m/n on input line 269.
LaTeX Font Info:    ... okay on input line 269.
LaTeX Font Info:    Checking defaults for U/cmr/m/n on input line 269.
LaTeX Font Info:    ... okay on input line 269.
LaTeX Font Info:    Checking defaults for PD1/pdf/m/n on input line 269.
LaTeX Font Info:    ... okay on input line 269.
LaTeX Font Info:    Checking defaults for PU/pdf/m/n on input line 269.
LaTeX Font Info:    ... okay on input line 269.
LaTeX Font Info:    Checking defaults for TS1/cmr/m/n on input line 269.
LaTeX Font Info:    Try loading font information for TS1+cmr on input line 269.


(/usr/local/texlive/2019/texmf-dist/tex/latex/base/ts1cmr.fd
File: ts1cmr.fd 2014/09/29 v2.5h Standard LaTeX font definitions
)
LaTeX Font Info:    ... okay on input line 269.
LaTeX Font Info:    Try loading font information for T1+lmr on input line 269.

(/usr/local/texlive/2019/texmf-dist/tex/latex/lm/t1lmr.fd
File: t1lmr.fd 2009/10/30 v1.6 Font defs for Latin Modern
)
ABD: EveryShipout initializing macros
(/usr/local/texlive/2019/texmf-dist/tex/context/base/mkii/supp-pdf.mkii
[Loading MPS to PDF converter (version 2006.09.02).]
\scratchcounter=\count153
\scratchdimen=\dimen146
\scratchbox=\box37
\nofMPsegments=\count154
\nofMParguments=\count155
\everyMPshowfont=\toks43
\MPscratchCnt=\count156
\MPscratchDim=\dimen147
\MPnumerator=\count157
\makeMPintoPDFobject=\count158
\everyMPtoPDFconversion=\toks44
) (/usr/local/texlive/2019/texmf-dist/tex/latex/oberdiek/epstopdf-base.sty
Package: epstopdf-base 2016/05/15 v2.6 Base part for package epstopdf

(/usr/local/texlive/2019/texmf-dist/tex/latex/oberdiek/grfext.sty
Package: grfext 2016/05/16 v1.2 Manage graphics extensions (HO)
)
Package epstopdf-base Info: Redefining graphics rule for `.eps' on input line 4
38.
Package grfext Info: Graphics extension search list:
(grfext)             [.pdf,.png,.jpg,.mps,.jpeg,.jbig2,.jb2,.PDF,.PNG,.JPG,.JPE
G,.JBIG2,.JB2,.eps]
(grfext)             \AppendGraphicsExtensions on input line 456.

(/usr/local/texlive/2019/texmf-dist/tex/latex/latexconfig/epstopdf-sys.cfg
File: epstopdf-sys.cfg 2010/07/13 v1.3 Configuration of (r)epstopdf for TeX Liv
e
))
\AtBeginShipoutBox=\box38
Package hyperref Info: Link coloring OFF on input line 269.

(/usr/local/texlive/2019/texmf-dist/tex/latex/hyperref/nameref.sty
Package: nameref 2016/05/21 v2.44 Cross-referencing by name of section

(/usr/local/texlive/2019/texmf-dist/tex/generic/oberdiek/gettitlestring.sty
Package: gettitlestring 2016/05/16 v1.5 Cleanup title references (HO)
)
\c@section@level=\count159
)
LaTeX Info: Redefining \ref on input line 269.
LaTeX Info: Redefining \pageref on input line 269.
LaTeX Info: Redefining \nameref on input line 269.

(./prace.out) (./prace.out)
\@outlinefile=\write5
\openout5 = `prace.out'.

\openout2 = `titulka.aux'.

 (./titulka.tex
Package hyperref Info: Option `pageanchor' set `false' on input line 6.
<../img/logo-cs.pdf, id=228, 506.4591pt x 156.49065pt>
File: ../img/logo-cs.pdf Graphic file (type pdf)
<use ../img/logo-cs.pdf>
Package pdftex.def Info: ../img/logo-cs.pdf  used on input line 10.
(pdftex.def)             Requested size: 472.31573pt x 145.9455pt.
 [1




 <../img/logo-cs.pdf>]
Package hyperref Info: Option `pageanchor' set `true' on input line 55.
 [1

]
[2

] [3

]) (./prace.toc
LaTeX Font Info:    Try loading font information for OT1+lmr on input line 4.

(/usr/local/texlive/2019/texmf-dist/tex/latex/lm/ot1lmr.fd
File: ot1lmr.fd 2009/10/30 v1.6 Font defs for Latin Modern
)
LaTeX Font Info:    Try loading font information for OML+lmm on input line 4.

(/usr/local/texlive/2019/texmf-dist/tex/latex/lm/omllmm.fd
File: omllmm.fd 2009/10/30 v1.6 Font defs for Latin Modern
)
LaTeX Font Info:    Try loading font information for OMS+lmsy on input line 4.

(/usr/local/texlive/2019/texmf-dist/tex/latex/lm/omslmsy.fd
File: omslmsy.fd 2009/10/30 v1.6 Font defs for Latin Modern
)
LaTeX Font Info:    Try loading font information for OMX+lmex on input line 4.

(/usr/local/texlive/2019/texmf-dist/tex/latex/lm/omxlmex.fd
File: omxlmex.fd 2009/10/30 v1.6 Font defs for Latin Modern
)
LaTeX Font Info:    External font `lmex10' loaded for size
(Font)              <12> on input line 4.
LaTeX Font Info:    External font `lmex10' loaded for size
(Font)              <8> on input line 4.
LaTeX Font Info:    External font `lmex10' loaded for size
(Font)              <6> on input line 4.
LaTeX Font Info:    Try loading font information for U+msa on input line 4.

(/usr/local/texlive/2019/texmf-dist/tex/latex/amsfonts/umsa.fd
File: umsa.fd 2013/01/14 v3.01 AMS symbols A
)
LaTeX Font Info:    Try loading font information for U+msb on input line 4.

(/usr/local/texlive/2019/texmf-dist/tex/latex/amsfonts/umsb.fd
File: umsb.fd 2013/01/14 v3.01 AMS symbols B
) [1



])
\tf@toc=\write6
\openout6 = `prace.toc'.

 [2]
\openout2 = `uvod.aux'.


(./uvod.tex
LaTeX Font Info:    External font `lmex10' loaded for size
(Font)              <10> on input line 16.
LaTeX Font Info:    External font `lmex10' loaded for size
(Font)              <7> on input line 16.
LaTeX Font Info:    External font `lmex10' loaded for size
(Font)              <5> on input line 16.
LaTeX Font Info:    Try loading font information for T1+lmtt on input line 20.
 (/usr/local/texlive/2019/texmf-dist/tex/latex/lm/t1lmtt.fd
File: t1lmtt.fd 2009/10/30 v1.6 Font defs for Latin Modern
)
Underfull \hbox (badness 10000) in paragraph at lines 20--20
[][][][]$\T1/lmtt/m/n/10 www . irozhlas . cz / zpravy -[] domov / data -[] o -[
] poloze -[] vozidel -[] dpp -[] mhd -[] tramvaje -[]
 []

) [3


] [4]
\openout2 = `kap01.aux'.

 (./kap01.tex
Kapitola 1.
<../img/stop_distances_plot_2020-02-20.png, id=360, 1003.75pt x 803.0pt>
File: ../img/stop_distances_plot_2020-02-20.png Graphic file (type png)
<use ../img/stop_distances_plot_2020-02-20.png>
Package pdftex.def Info: ../img/stop_distances_plot_2020-02-20.png  used on inp
ut line 19.
(pdftex.def)             Requested size: 247.54149pt x 198.02939pt.
LaTeX Font Info:    Try loading font information for TS1+lmr on input line 30.
(/usr/local/texlive/2019/texmf-dist/tex/latex/lm/ts1lmr.fd
File: ts1lmr.fd 2009/10/30 v1.6 Font defs for Latin Modern
) [5



]
<../img/k_letisti_to_zlicin_3d.png, id=372, 1214.136pt x 732.8178pt>
File: ../img/k_letisti_to_zlicin_3d.png Graphic file (type png)
<use ../img/k_letisti_to_zlicin_3d.png>
Package pdftex.def Info: ../img/k_letisti_to_zlicin_3d.png  used on input line 
58.
(pdftex.def)             Requested size: 412.56496pt x 249.00938pt.
<../img/k_letisti_to_zlicin_map.png, id=375, 351.3125pt x 656.4525pt>
File: ../img/k_letisti_to_zlicin_map.png Graphic file (type png)
<use ../img/k_letisti_to_zlicin_map.png>
Package pdftex.def Info: ../img/k_letisti_to_zlicin_map.png  used on input line
 69.
(pdftex.def)             Requested size: 123.77074pt x 231.27432pt.
 [6 <../img/stop_distances_plot_2020-02-20.png (PNG copy)>] [7 <../img/k_letist
i_to_zlicin_3d.png> <../img/k_letisti_to_zlicin_map.png>] [8] [9]
Underfull \hbox (badness 10000) in paragraph at lines 150--150
[][][]\T1/lmr/m/n/10 Programátorská do-ku-men-tace je do-stupná na https://oper
ator-
 []


Overfull \hbox (5.87076pt too wide) in paragraph at lines 167--168
[][][]\T1/lmtt/m/n/12 gtfs\_shape\_dist\_traveled []\T1/lmr/m/n/12 vzdá-le-nost
 vo-zi-dla ura-ºená od za-£átku jízdy|
 []

[10] [11] [12] [13] [14]
<../img/vehicle_pos_x_new_trips.pdf, id=468, 722.7pt x 578.16pt>
File: ../img/vehicle_pos_x_new_trips.pdf Graphic file (type pdf)
<use ../img/vehicle_pos_x_new_trips.pdf>
Package pdftex.def Info: ../img/vehicle_pos_x_new_trips.pdf  used on input line
 404.
(pdftex.def)             Requested size: 288.7942pt x 231.03053pt.
 [15 <../img/vehicle_pos_x_new_trips.pdf>]
<../img/vehicle_pos_x_all_trips.pdf, id=515, 722.7pt x 578.16pt>
File: ../img/vehicle_pos_x_all_trips.pdf Graphic file (type pdf)
<use ../img/vehicle_pos_x_all_trips.pdf>
Package pdftex.def Info: ../img/vehicle_pos_x_all_trips.pdf  used on input line
 419.
(pdftex.def)             Requested size: 288.7942pt x 231.03053pt.


LaTeX Warning: Reference `TODO:statistika' on page 16 undefined on input line 4
26.

[16 <../img/vehicle_pos_x_all_trips.pdf>]
<../img/golemio_mapa.png, id=572, 1063.975pt x 723.70375pt>
File: ../img/golemio_mapa.png Graphic file (type png)
<use ../img/golemio_mapa.png>
Package pdftex.def Info: ../img/golemio_mapa.png  used on input line 465.
(pdftex.def)             Requested size: 206.28247pt x 140.31001pt.
<../img/tram-bus_mapa.png, id=575, 928.46875pt x 783.92876pt>
File: ../img/tram-bus_mapa.png Graphic file (type png)
<use ../img/tram-bus_mapa.png>
Package pdftex.def Info: ../img/tram-bus_mapa.png  used on input line 476.
(pdftex.def)             Requested size: 206.28247pt x 174.16342pt.

Overfull \hbox (6.94542pt too wide) in paragraph at lines 483--484
\T1/lmr/m/n/12 (In-te-gro-vaný do-pravní sys-tém Ji-ho-mo-rav-ského kraje). Ten
 ihned po na-£tení stránky|
 []

<../img/idsjmk_mapa.png, id=579, 1179.40625pt x 932.48375pt>
File: ../img/idsjmk_mapa.png Graphic file (type png)
<use ../img/idsjmk_mapa.png>
Package pdftex.def Info: ../img/idsjmk_mapa.png  used on input line 491.
(pdftex.def)             Requested size: 206.28247pt x 163.0875pt.
) [17 <../img/golemio_mapa.png>] [18 <../img/tram-bus_mapa.png> <../img/idsjmk_
mapa.png>]
\openout2 = `kap01,5.aux'.


No file kap01,5.tex.
\openout2 = `kap02.aux'.

(./kap02.tex
Kapitola 2.


pdfTeX warning: pdflatex (file ../img/design_diagram.pdf): PDF inclusion: found
 PDF version <1.7>, but at most version <1.5> allowed
<../img/design_diagram.pdf, id=601, 598.15468pt x 421.575pt>
File: ../img/design_diagram.pdf Graphic file (type pdf)
<use ../img/design_diagram.pdf>
Package pdftex.def Info: ../img/design_diagram.pdf  used on input line 25.
(pdftex.def)             Requested size: 412.56496pt x 290.78413pt.
[19





] [20 <../img/design_diagram.pdf>]

LaTeX Warning: Reference `section:analyza_zdroje' on page 21 undefined on input
 line 76.

<../img/eer_database.pdf, id=641, 560.96056pt x 785.65768pt>
File: ../img/eer_database.pdf Graphic file (type pdf)
<use ../img/eer_database.pdf>
Package pdftex.def Info: ../img/eer_database.pdf  used on input line 88.
(pdftex.def)             Requested size: 412.56496pt x 577.84108pt.
[21] [22 <../img/eer_database.pdf>]
Overfull \hbox (50.14809pt too wide) in paragraph at lines 180--181
\T1/lmr/m/n/12 van¥ pro dvojci re-fen£-ních bod·. K tomu se zejména vy-u-ºívá a
tri-but [][]\T1/lmtt/m/n/12 shape_dist_traveled[]\T1/lmr/m/n/12 ,|
 []

[23] [24] [25]
<../img/dojezd_ve_fazich_dne.png, id=718, 1042.8561pt x 682.2288pt>
File: ../img/dojezd_ve_fazich_dne.png Graphic file (type png)
<use ../img/dojezd_ve_fazich_dne.png>
Package pdftex.def Info: ../img/dojezd_ve_fazich_dne.png  used on input line 28
5.
(pdftex.def)             Requested size: 412.56496pt x 269.89902pt.
<../img/dojezd_podle_vzdalenosti.png, id=720, 975.645pt x 702.4644pt>
File: ../img/dojezd_podle_vzdalenosti.png Graphic file (type png)
<use ../img/dojezd_podle_vzdalenosti.png>
Package pdftex.def Info: ../img/dojezd_podle_vzdalenosti.png  used on input lin
e 294.
(pdftex.def)             Requested size: 412.56496pt x 297.04816pt.
 [26] [27 <../img/dojezd_ve_fazich_dne.png> <../img/dojezd_podle_vzdalenosti.pn
g>]
<../img/cerny_most_chvaly.png, id=739, 890.3664pt x 628.0263pt>
File: ../img/cerny_most_chvaly.png Graphic file (type png)
<use ../img/cerny_most_chvaly.png>
Package pdftex.def Info: ../img/cerny_most_chvaly.png  used on input line 321.
(pdftex.def)             Requested size: 412.56496pt x 291.00385pt.
 [28 <../img/cerny_most_chvaly.png>]
<../img/divoka_sarka_veleslavin.png, id=748, 997.326pt x 643.9257pt>
File: ../img/divoka_sarka_veleslavin.png Graphic file (type png)
<use ../img/divoka_sarka_veleslavin.png>
Package pdftex.def Info: ../img/divoka_sarka_veleslavin.png  used on input line
 330.
(pdftex.def)             Requested size: 412.56496pt x 266.36937pt.
<../img/delayed_trip.png, id=750, 956.8548pt x 608.5134pt>
File: ../img/delayed_trip.png Graphic file (type png)
<use ../img/delayed_trip.png>
Package pdftex.def Info: ../img/delayed_trip.png  used on input line 339.
(pdftex.def)             Requested size: 412.56496pt x 262.37062pt.
<../img/nepredvidatelne_zdrzeni.png, id=752, 913.4928pt x 608.5134pt>
File: ../img/nepredvidatelne_zdrzeni.png Graphic file (type png)
<use ../img/nepredvidatelne_zdrzeni.png>
Package pdftex.def Info: ../img/nepredvidatelne_zdrzeni.png  used on input line
 350.
(pdftex.def)             Requested size: 412.56496pt x 274.8313pt.
 [29 <../img/divoka_sarka_veleslavin.png>] [30 <../img/delayed_trip.png> <../im
g/nepredvidatelne_zdrzeni.png>]
<../img/konkavni_obal_nejednoznacny.png, id=771, 696.6025pt x 531.9875pt>
File: ../img/konkavni_obal_nejednoznacny.png Graphic file (type png)
<use ../img/konkavni_obal_nejednoznacny.png>
Package pdftex.def Info: ../img/konkavni_obal_nejednoznacny.png  used on input 
line 373.
(pdftex.def)             Requested size: 330.05322pt x 252.0554pt.
 [31 <../img/konkavni_obal_nejednoznacny.png>]
<../img/good_to_concave_hull.pdf, id=784, 555.03362pt x 378.6948pt>
File: ../img/good_to_concave_hull.pdf Graphic file (type pdf)
<use ../img/good_to_concave_hull.pdf>
Package pdftex.def Info: ../img/good_to_concave_hull.pdf  used on input line 40
0.
(pdftex.def)             Requested size: 412.56496pt x 281.48944pt.
 [32]
Overfull \hbox (67.6935pt too wide) in paragraph at lines 430--431
[]\T1/lmr/m/n/12 Dále od-had zpoº-d¥ní z kon-káv-ního obalu. Pro funkci [][]\T1
/lmtt/m/n/12 vzdálenost bodu od hranice obalu|
 []

[33 <../img/good_to_concave_hull.pdf>] [34]

LaTeX Warning: Reference `mapbox_mapa' on page 35 undefined on input line 490.

<../img/mapa_mapbox.png, id=853, 660.4675pt x 487.8225pt>
File: ../img/mapa_mapbox.png Graphic file (type png)
<use ../img/mapa_mapbox.png>
Package pdftex.def Info: ../img/mapa_mapbox.png  used on input line 494.
(pdftex.def)             Requested size: 206.28247pt x 152.36227pt.

LaTeX Warning: Reference `dve_vozidla' on page 35 undefined on input line 499.


LaTeX Warning: Reference `dve_vozidla' on page 35 undefined on input line 503.

<../img/dve_vozidla.png, id=854, 634.37pt x 280.04625pt>
File: ../img/dve_vozidla.png Graphic file (type png)
<use ../img/dve_vozidla.png>
Package pdftex.def Info: ../img/dve_vozidla.png  used on input line 507.
(pdftex.def)             Requested size: 206.28247pt x 91.06522pt.
) [35 <../img/mapa_mapbox.png> <../img/dve_vozidla.png>]
\openout2 = `kap03.aux'.

 (./kap03.tex
Kapitola 3.

Overfull \hbox (8.47954pt too wide) in paragraph at lines 13--14
\T1/lmr/m/n/12 moºné vy-u-ºít i jiné ov¥-°ené bac-ken-dové pro-gra-mo-vací ja-z
yky a tech-no-lo-gie. Nicmén¥|
 []


Overfull \hbox (15.70422pt too wide) in paragraph at lines 21--22
[]\T1/lmr/m/n/12 Celý sys-tém je ovlá-daný p°es hlavní skript v sou-boru [][]\T
1/lmtt/m/n/12 download_and_process.py[]\T1/lmr/m/n/12 .|
 []

[36



]

LaTeX Warning: Reference `section:analyza_zdroje' on page 37 undefined on input
 line 29.

[37] [38] [39] [40] [41] [42] [43] [44]
Overfull \hbox (11.81572pt too wide) in paragraph at lines 383--384
[]\T1/lmr/m/n/12 Se ser-ve-ro-vou £ástí se ko-mu-ni-kuje po-mocí [][]\T1/lmtt/m
/n/12 GET []\T1/lmr/m/n/12 request· a ser-ver vrací [][]JSON[]onové|
 []

[45] [46] [47]) [48]
\openout2 = `kap04.aux'.

 (./kap04.tex
Kapitola 4.

Underfull \hbox (badness 10000) in paragraph at lines 39--39
[][][]\T1/lmr/m/n/10 https://9to5mac.com/2016/11/01/the-late-2016-entry-level-1
3-macbook-pro-has-a-
 []

[49



]
<../img/file_process_time.pdf, id=991, 722.7pt x 578.16pt>
File: ../img/file_process_time.pdf Graphic file (type pdf)
<use ../img/file_process_time.pdf>
Package pdftex.def Info: ../img/file_process_time.pdf  used on input line 60.
(pdftex.def)             Requested size: 288.7942pt x 231.03053pt.
 [50 <../img/file_process_time.pdf>]
<../img/server_response_time.pdf, id=1053, 462.52798pt x 346.89601pt>
File: ../img/server_response_time.pdf Graphic file (type pdf)
<use ../img/server_response_time.pdf>
Package pdftex.def Info: ../img/server_response_time.pdf  used on input line 99
.
(pdftex.def)             Requested size: 288.7942pt x 216.60303pt.
 [51]
<../img/big_picture.png, id=1068, 817.0525pt x 732.7375pt>
File: ../img/big_picture.png Graphic file (type png)
<use ../img/big_picture.png>
Package pdftex.def Info: ../img/big_picture.png  used on input line 118.
(pdftex.def)             Requested size: 288.7942pt x 258.9888pt.
<../img/cluster.png, id=1069, 270.00874pt x 211.79124pt>
File: ../img/cluster.png Graphic file (type png)
<use ../img/cluster.png>
Package pdftex.def Info: ../img/cluster.png  used on input line 125.
(pdftex.def)             Requested size: 123.77074pt x 97.0826pt.
<../img/trip_path.png, id=1072, 571.13374pt x 322.20375pt>
File: ../img/trip_path.png Graphic file (type png)
<use ../img/trip_path.png>
Package pdftex.def Info: ../img/trip_path.png  used on input line 137.
(pdftex.def)             Requested size: 288.7942pt x 162.92055pt.
<../img/kladno_aut_322.png, id=1073, 909.3975pt x 512.91624pt>
File: ../img/kladno_aut_322.png Graphic file (type png)
<use ../img/kladno_aut_322.png>
Package pdftex.def Info: ../img/kladno_aut_322.png  used on input line 144.
(pdftex.def)             Requested size: 288.7942pt x 162.88431pt.
<../img/more_trips.png, id=1077, 778.91pt x 595.22375pt>
File: ../img/more_trips.png Graphic file (type png)
<use ../img/more_trips.png>
Package pdftex.def Info: ../img/more_trips.png  used on input line 155.
(pdftex.def)             Requested size: 288.7942pt x 220.68346pt.
 [52 <../img/server_response_time.pdf>] [53 <../img/big_picture.png> <../img/cl
uster.png> <../img/trip_path.png>]
<../img/stredokluky_table.png, id=1111, 503.8825pt x 253.94875pt>
File: ../img/stredokluky_table.png Graphic file (type png)
<use ../img/stredokluky_table.png>
Package pdftex.def Info: ../img/stredokluky_table.png  used on input line 162.
(pdftex.def)             Requested size: 165.02345pt x 83.16785pt.
[54 <../img/kladno_aut_322.png> <../img/more_trips.png>]
<../img/chyba_zpozdeni_v_posledni_zastavce.png, id=1129, 1023.3432pt x 634.8919
5pt>
File: ../img/chyba_zpozdeni_v_posledni_zastavce.png Graphic file (type png)
<use ../img/chyba_zpozdeni_v_posledni_zastavce.png>
Package pdftex.def Info: ../img/chyba_zpozdeni_v_posledni_zastavce.png  used on
 input line 183.
(pdftex.def)             Requested size: 165.02345pt x 102.37917pt.
<../img/rmse.pdf, id=1130, 462.52798pt x 346.89601pt>
File: ../img/rmse.pdf Graphic file (type pdf)
<use ../img/rmse.pdf>
Package pdftex.def Info: ../img/rmse.pdf  used on input line 190.
(pdftex.def)             Requested size: 165.02345pt x 123.7656pt.
<../img/second_degree.pdf, id=1135, 1076.10025pt x 655.48888pt>
File: ../img/second_degree.pdf Graphic file (type pdf)
<use ../img/second_degree.pdf>
Package pdftex.def Info: ../img/second_degree.pdf  used on input line 202.
(pdftex.def)             Requested size: 412.56496pt x 251.29878pt.
<../img/thrd_degree.pdf, id=1137, 555.03362pt x 378.6948pt>
File: ../img/thrd_degree.pdf Graphic file (type pdf)
<use ../img/thrd_degree.pdf>
Package pdftex.def Info: ../img/thrd_degree.pdf  used on input line 210.
(pdftex.def)             Requested size: 412.56496pt x 281.48944pt.
 [55 <../img/stredokluky_table.png> <../img/chyba_zpozdeni_v_posledni_zastavce.
png>] [56 <../img/rmse.pdf> <../img/second_degree.pdf

pdfTeX warning: pdflatex (file ../img/second_degree.pdf): PDF inclusion: multip
le pdfs with page group included in a single page
>]) [57 <../img/thrd_degree.pdf>]
\openout2 = `zaver.aux'.

 (./zaver.tex) [58



]
\openout2 = `literatura.aux'.

 (./literatura.tex
(./prace.bbl

Package natbib Warning: Empty `thebibliography' environment on input line 8.

)) [59



] (./prace.lof)
\tf@lof=\write7
\openout7 = `prace.lof'.

 [60


] (./prace.lot)
\tf@lot=\write8
\openout8 = `prace.lot'.

 [61

]
Using TeX to sort glossary entries---this may take a while
[62

]
Overfull \hbox (11.3606pt too wide) in paragraph at lines 300--300
[]\T1/lmr/m/n/12 JavaScript Ob-ject No-tation, spe-ci-fakce: https://tools.ietf
.org/html/rfc8259.|
 []

[63


]
P\v {r}\'{\i }loha A.
[64

]
Package atveryend Info: Empty hook `BeforeClearDocument' on input line 318.
Package atveryend Info: Empty hook `AfterLastShipout' on input line 318.
 (./prace.aux (./titulka.aux) (./uvod.aux) (./kap01.aux) (./kap01,5.aux)
(./kap02.aux) (./kap03.aux) (./kap04.aux) (./zaver.aux) (./literatura.aux))
Package atveryend Info: Executing hook `AtVeryEndDocument' on input line 318.
Package atveryend Info: Executing hook `AtEndAfterFileList' on input line 318.
Package rerunfilecheck Info: File `prace.out' has not changed.
(rerunfilecheck)             Checksum: 85EFC70B58122EA38B126A40124A9F80;8249.


LaTeX Warning: There were undefined references.


LaTeX Warning: Label(s) may have changed. Rerun to get cross-references right.

Package atveryend Info: Empty hook `AtVeryVeryEnd' on input line 318.
 ) 
Here is how much of TeX's memory you used:
 22807 strings out of 492616
 348217 string characters out of 6129482
 460789 words of memory out of 5000000
 25981 multiletter control sequences out of 15000+600000
 93912 words of font info for 83 fonts, out of 8000000 for 9000
 1141 hyphenation exceptions out of 8191
 46i,8n,57p,1970b,2327s stack positions out of 5000i,500n,10000p,200000b,80000s
{/usr/local/texlive/2019/texmf-dist/fonts/enc/dvips/lm/lm-mathsy.enc}{/usr/lo
cal/texlive/2019/texmf-dist/fonts/enc/dvips/lm/lm-rm.enc}{/usr/local/texlive/20
19/texmf-dist/fonts/enc/dvips/lm/lm-mathit.enc}{/usr/local/texlive/2019/texmf-d
ist/fonts/enc/dvips/lm/lm-ec.enc}{/usr/local/texlive/2019/texmf-dist/fonts/enc/
dvips/lm/lm-ts1.enc}</usr/local/texlive/2019/texmf-dist/fonts/type1/public/lm/l
mbx12.pfb></usr/local/texlive/2019/texmf-dist/fonts/type1/public/lm/lmmi10.pfb>
</usr/local/texlive/2019/texmf-dist/fonts/type1/public/lm/lmmi12.pfb></usr/loca
l/texlive/2019/texmf-dist/fonts/type1/public/lm/lmmi7.pfb></usr/local/texlive/2
019/texmf-dist/fonts/type1/public/lm/lmmi8.pfb></usr/local/texlive/2019/texmf-d
ist/fonts/type1/public/lm/lmr10.pfb></usr/local/texlive/2019/texmf-dist/fonts/t
ype1/public/lm/lmr12.pfb></usr/local/texlive/2019/texmf-dist/fonts/type1/public
/lm/lmr17.pfb></usr/local/texlive/2019/texmf-dist/fonts/type1/public/lm/lmr7.pf
b></usr/local/texlive/2019/texmf-dist/fonts/type1/public/lm/lmr8.pfb></usr/loca
l/texlive/2019/texmf-dist/fonts/type1/public/lm/lmsy10.pfb></usr/local/texlive/
2019/texmf-dist/fonts/type1/public/lm/lmtt10.pfb></usr/local/texlive/2019/texmf
-dist/fonts/type1/public/lm/lmtt12.pfb>
Output written on prace.pdf (68 pages, 17375587 bytes).
PDF statistics:
 1522 PDF objects out of 1728 (max. 8388607)
 1078 compressed objects within 11 object streams
 246 named destinations out of 1000 (max. 500000)
 618 words of extra memory for PDF output out of 10000 (max. 10000000)

